<?xml version="1.0" encoding="UTF-8"?>
<testsuite xmlns:xsi="http://www.w3.org/2001/XMLSchema-instance" xsi:noNamespaceSchemaLocation="https://maven.apache.org/surefire/maven-surefire-plugin/xsd/surefire-test-report-3.0.xsd" version="3.0" name="lesson16.MTSOnlinePaymentTest" time="84.245" tests="11" errors="0" skipped="0" failures="0">
  <properties>
[...]
</properties>
  <testcase name="checkBlockTitle" classname="lesson16.MTSOnlinePaymentTest" time="7.328">
    <system-err><![CDATA[SLF4J(W): No SLF4J providers were found.
SLF4J(W): Defaulting to no-operation (NOP) logger implementation
SLF4J(W): See https://www.slf4j.org/codes.html#noProviders for further details.
Starting ChromeDriver 130.0.6723.93 (dbcf0550c05ee0bd99b0349268818840f4b48136-refs/branch-heads/6723@{#1519}) on port 17399
Only local connections are allowed.
Please see https://chromedriver.chromium.org/security-considerations for suggestions on keeping ChromeDriver safe.
ChromeDriver was started successfully on port 17399.
нояб. 06, 2024 1:32:39 AM org.openqa.selenium.remote.ProtocolHandshake createSession
INFO: Detected dialect: W3C
]]></system-err>
  </testcase>
  <testcase name="checkMoreInfoButton" classname="lesson16.MTSOnlinePaymentTest" time="7.27">
    <system-err><![CDATA[Starting ChromeDriver 130.0.6723.93 (dbcf0550c05ee0bd99b0349268818840f4b48136-refs/branch-heads/6723@{#1519}) on port 20870
Only local connections are allowed.
Please see https://chromedriver.chromium.org/security-considerations for suggestions on keeping ChromeDriver safe.
ChromeDriver was started successfully on port 20870.
нояб. 06, 2024 1:32:46 AM org.openqa.selenium.remote.ProtocolHandshake createSession
INFO: Detected dialect: W3C
]]></system-err>
  </testcase>
  <testcase name="checkConnectionPlaceholders" classname="lesson16.MTSOnlinePaymentTest" time="6.677">
    <system-err><![CDATA[Starting ChromeDriver 130.0.6723.93 (dbcf0550c05ee0bd99b0349268818840f4b48136-refs/branch-heads/6723@{#1519}) on port 14781
Only local connections are allowed.
Please see https://chromedriver.chromium.org/security-considerations for suggestions on keeping ChromeDriver safe.
ChromeDriver was started successfully on port 14781.
нояб. 06, 2024 1:32:53 AM org.openqa.selenium.remote.ProtocolHandshake createSession
INFO: Detected dialect: W3C
]]></system-err>
  </testcase>
  <testcase name="checkPaymentSystemLogos" classname="lesson16.MTSOnlinePaymentTest" time="6.618">
    <system-err><![CDATA[Starting ChromeDriver 130.0.6723.93 (dbcf0550c05ee0bd99b0349268818840f4b48136-refs/branch-heads/6723@{#1519}) on port 37789
Only local connections are allowed.
Please see https://chromedriver.chromium.org/security-considerations for suggestions on keeping ChromeDriver safe.
ChromeDriver was started successfully on port 37789.
нояб. 06, 2024 1:33:00 AM org.openqa.selenium.remote.ProtocolHandshake createSession
INFO: Detected dialect: W3C
]]></system-err>
  </testcase>
  <testcase name="checkInternetPlaceholders" classname="lesson16.MTSOnlinePaymentTest" time="6.345">
    <system-err><![CDATA[Starting ChromeDriver 130.0.6723.93 (dbcf0550c05ee0bd99b0349268818840f4b48136-refs/branch-heads/6723@{#1519}) on port 23466
Only local connections are allowed.
Please see https://chromedriver.chromium.org/security-considerations for suggestions on keeping ChromeDriver safe.
ChromeDriver was started successfully on port 23466.
нояб. 06, 2024 1:33:07 AM org.openqa.selenium.remote.ProtocolHandshake createSession
INFO: Detected dialect: W3C
]]></system-err>
  </testcase>
  <testcase name="checkPaymentFrameAmount" classname="lesson16.MTSOnlinePaymentTest" time="10.169">
    <system-err><![CDATA[Starting ChromeDriver 130.0.6723.93 (dbcf0550c05ee0bd99b0349268818840f4b48136-refs/branch-heads/6723@{#1519}) on port 37041
Only local connections are allowed.
Please see https://chromedriver.chromium.org/security-considerations for suggestions on keeping ChromeDriver safe.
ChromeDriver was started successfully on port 37041.
нояб. 06, 2024 1:33:13 AM org.openqa.selenium.remote.ProtocolHandshake createSession
INFO: Detected dialect: W3C
]]></system-err>
  </testcase>
  <testcase name="checkInstalmentPlaceholders" classname="lesson16.MTSOnlinePaymentTest" time="6.574">
    <system-err><![CDATA[Starting ChromeDriver 130.0.6723.93 (dbcf0550c05ee0bd99b0349268818840f4b48136-refs/branch-heads/6723@{#1519}) on port 33158
Only local connections are allowed.
Please see https://chromedriver.chromium.org/security-considerations for suggestions on keeping ChromeDriver safe.
ChromeDriver was started successfully on port 33158.
нояб. 06, 2024 1:33:23 AM org.openqa.selenium.remote.ProtocolHandshake createSession
INFO: Detected dialect: W3C
]]></system-err>
  </testcase>
  <testcase name="checkArrearsPlaceholders" classname="lesson16.MTSOnlinePaymentTest" time="6.423">
    <system-err><![CDATA[Starting ChromeDriver 130.0.6723.93 (dbcf0550c05ee0bd99b0349268818840f4b48136-refs/branch-heads/6723@{#1519}) on port 59723
Only local connections are allowed.
Please see https://chromedriver.chromium.org/security-considerations for suggestions on keeping ChromeDriver safe.
ChromeDriver was started successfully on port 59723.
нояб. 06, 2024 1:33:30 AM org.openqa.selenium.remote.ProtocolHandshake createSession
INFO: Detected dialect: W3C
]]></system-err>
  </testcase>
  <testcase name="checkFormSubmissionForConnection" classname="lesson16.MTSOnlinePaymentTest" time="7.559">
    <system-err><![CDATA[Starting ChromeDriver 130.0.6723.93 (dbcf0550c05ee0bd99b0349268818840f4b48136-refs/branch-heads/6723@{#1519}) on port 63689
Only local connections are allowed.
Please see https://chromedriver.chromium.org/security-considerations for suggestions on keeping ChromeDriver safe.
ChromeDriver was started successfully on port 63689.
нояб. 06, 2024 1:33:36 AM org.openqa.selenium.remote.ProtocolHandshake createSession
INFO: Detected dialect: W3C
]]></system-err>
  </testcase>
  <testcase name="checkPaymentFrameImg" classname="lesson16.MTSOnlinePaymentTest" time="7.96">
    <system-err><![CDATA[Starting ChromeDriver 130.0.6723.93 (dbcf0550c05ee0bd99b0349268818840f4b48136-refs/branch-heads/6723@{#1519}) on port 62047
Only local connections are allowed.
Please see https://chromedriver.chromium.org/security-considerations for suggestions on keeping ChromeDriver safe.
ChromeDriver was started successfully on port 62047.
нояб. 06, 2024 1:33:44 AM org.openqa.selenium.remote.ProtocolHandshake createSession
INFO: Detected dialect: W3C
]]></system-err>
  </testcase>
  <testcase name="checkPaymentFrameLabelsText" classname="lesson16.MTSOnlinePaymentTest" time="10.705">
    <system-err><![CDATA[Starting ChromeDriver 130.0.6723.93 (dbcf0550c05ee0bd99b0349268818840f4b48136-refs/branch-heads/6723@{#1519}) on port 6853
Only local connections are allowed.
Please see https://chromedriver.chromium.org/security-considerations for suggestions on keeping ChromeDriver safe.
ChromeDriver was started successfully on port 6853.
нояб. 06, 2024 1:33:52 AM org.openqa.selenium.remote.ProtocolHandshake createSession
INFO: Detected dialect: W3C
]]></system-err>
  </testcase>
</testsuite>